Arguments: 
  /Users/changheng/.nvm/versions/node/v10.8.0/bin/node /Users/changheng/.nvm/versions/node/v10.8.0/bin/yarn install

PATH: 
  /Users/changheng/.nvm/versions/node/v10.8.0/bin:/usr/local/bin:/usr/local/share/dotnet:/usr/local/bin:/usr/bin:/bin:/usr/sbin:/sbin:/usr/local/share/dotnet:/Applications/Wireshark.app/Contents/MacOS

Yarn version: 
  1.9.4

Node version: 
  10.8.0

Platform: 
  darwin x64

Trace: 
  SyntaxError: /Users/changheng/Desktop/Go/src/github.com/qq52184962/nblog2/wwwroot/package.json: Unexpected token } in JSON at position 579
      at JSON.parse (<anonymous>)
      at /Users/changheng/.nvm/versions/node/v10.8.0/lib/node_modules/yarn/lib/cli.js:1130:59
      at Generator.next (<anonymous>)
      at step (/Users/changheng/.nvm/versions/node/v10.8.0/lib/node_modules/yarn/lib/cli.js:92:30)
      at /Users/changheng/.nvm/versions/node/v10.8.0/lib/node_modules/yarn/lib/cli.js:103:13

npm manifest: 
  {
    "name": "nblog2",
    "version": "1.0.0",
    "description": "nblog2",
    "main": "index.js",
    
    "scripts": {
      "dev": "webpack-dev-server",
      "build": "webpack --mode=production"
    },
    "author": "",
    "license": "ISC",
    "dependencies": {
      "apollo-client": "^2.4.2",
      "graphql": "^14.0.2",
      "html-loader": "^0.5.5",
      "html-webpack-plugin": "^3.2.0",
      "mini-css-extract-plugin": "^0.4.2",
      "react": "^16.5.1",
      "react-apollo": "^2.1.11",
      "react-dom": "^16.5.1",
      "react-router": "^4.3.1",
      "superagent": "^3.8.3",
      "webpack": "^4.19.0",
    },
    "devDependencies": {
      "@babel/core": "^7.0.1",
      "@babel/preset-env": "^7.0.0",
      "@babel/preset-react": "^7.0.0",
      "@babel/plugin-transform-runtime": "^7.0.0",
      "autoprefixer": "^9.1.5",
      "babel-loader": "^8.0.2",
      "postcss-loader": "^3.0.0",
      "webpack-cli": "^3.1.0",
      "webpack-dev-middleware": "^3.3.0"
    }
  }

yarn manifest: 
  No manifest

Lockfile: 
  No lockfile
